<?xml version="1.0" encoding="UTF-8"?>
<!-- Generated by org.testng.reporters.JUnitXMLReporter -->
<testsuite ignored="0" hostname="IN-PG0352RN" failures="0" tests="19" name="Test" time="78.046" errors="0" timestamp="03 Mar 2023 16:39:12 GMT">
  <testcase classname="StepDefinitions.AnimationTest" name="first_click_on_animation_button" time="2.138"/>
  <testcase classname="StepDefinitions.AnimationTest" name="click_on_hide_show_animation_button" time="1.681"/>
  <testcase classname="StepDefinitions.AnimationTest" name="check_the_hide_button_working" time="3.001"/>
  <testcase classname="StepDefinitions.AnimationTest" name="check_the_show_button_working" time="0.116"/>
  <testcase classname="StepDefinitions.AnimationTest" name="check_the_custom_button_working" time="5.957"/>
  <testcase classname="StepDefinitions.ContentTest" name="first_click_on_content_and_undo_button" time="2.363"/>
  <testcase classname="StepDefinitions.ContentTest" name="enter_the_textview_data" time="3.778"/>
  <testcase classname="StepDefinitions.ContentTest" name="click_on_textview_button" time="1.876"/>
  <testcase classname="StepDefinitions.ContentTest" name="enter_all_textview_field" time="5.345"/>
  <testcase classname="StepDefinitions.SimpleTransitionTest" name="check_the_scrollup_functionality" time="2.905"/>
  <testcase classname="StepDefinitions.SimpleTransitionTest" name="click_on_simple_transition_button_and_check_functionality" time="17.836"/>
  <testcase classname="StepDefinitions.OsTesting" name="click_on_os_buttton" time="2.015"/>
  <testcase classname="StepDefinitions.OsTesting" name="click_on_the_sms_messaging_button" time="1.485"/>
  <testcase classname="StepDefinitions.OsTesting" name="check_the_text_feild_functionality" time="4.323"/>
  <testcase classname="StepDefinitions.GraphicTest" name="click_on_graphic_buttton" time="7.659"/>
  <testcase classname="StepDefinitions.GraphicTest" name="click_on_animate_drawable_button_then_go_back" time="2.455"/>
  <testcase classname="StepDefinitions.GraphicTest" name="click_on_density_button_then_go_back" time="2.797"/>
  <testcase classname="StepDefinitions.GraphicTest" name="scroll_up_in_grapic_section" time="8.525"/>
  <testcase classname="StepDefinitions.GraphicTest" name="click_on_surfaceview_overly" time="1.636"/>
</testsuite> <!-- Test -->
